<!DOCTYPE html PUBLIC "-//W3C//DTD XHTML 1.1//EN" "http://www.w3.org/TR/xhtml11/DTD/xhtml11.dtd">
<html xmlns="http://www.w3.org/1999/xhtml">
<head>
<meta http-equiv="content-type" content="text/html; charset=UTF-8"/>
<title>TestNG Report</title>
<style type="text/css">table {margin-bottom:10px;border-collapse:collapse;empty-cells:show}th,td {border:1px solid #009;padding:.25em .5em}th {vertical-align:bottom}td {vertical-align:top}table a {font-weight:bold}.stripe td {background-color: #E6EBF9}.num {text-align:right}.passedodd td {background-color: #3F3}.passedeven td {background-color: #0A0}.skippedodd td {background-color: #DDD}.skippedeven td {background-color: #CCC}.failedodd td,.attn {background-color: #F33}.failedeven td,.stripe .attn {background-color: #D00}.stacktrace {white-space:pre;font-family:monospace}.totop {font-size:85%;text-align:center;border-bottom:2px solid #000}.invisible {display:none}</style>
</head>
<body>
<table>
<tr><th>Test</th><th># Passed</th><th># Skipped</th><th># Failed</th><th>Time (ms)</th><th>Included Groups</th><th>Excluded Groups</th></tr>
<tr><th colspan="7">FreeCRM Test Suite</th></tr>
<tr><td><a href="#t0">Free CRM Test</a></td><td class="num">3</td><td class="num attn">3</td><td class="num attn">1</td><td class="num">313,288</td><td></td><td></td></tr>
</table>
<table id='summary'><thead><tr><th>Class</th><th>Method</th><th>Start</th><th>Time (ms)</th></tr></thead><tbody><tr><th colspan="4">FreeCRM Test Suite</th></tr></tbody><tbody id="t0"><tr><th colspan="4">Free CRM Test &#8212; failed</th></tr><tr class="failedeven"><td rowspan="1">com.freecrm.framework.testcases.ContactsTest</td><td><a href="#m0">test001_fillNewContactsForm</a></td><td rowspan="1">1551756353287</td><td rowspan="1">31468</td></tr><tr><th colspan="4">Free CRM Test &#8212; skipped</th></tr><tr class="skippedeven"><td rowspan="3">com.freecrm.framework.testcases.ContactsTest</td><td><a href="#m1">test001_fillNewContactsForm</a></td><td rowspan="3">1551756257554</td><td rowspan="3">34234</td></tr><tr class="skippedeven"><td><a href="#m2">test001_fillNewContactsForm</a></td></tr><tr class="skippedeven"><td><a href="#m3">test001_fillNewContactsForm</a></td></tr><tr><th colspan="4">Free CRM Test &#8212; passed</th></tr><tr class="passedeven"><td rowspan="3">com.freecrm.framework.testcases.ContactsTest</td><td><a href="#m4">test001_fillNewContactsForm</a></td><td rowspan="3">1551756398321</td><td rowspan="3">32981</td></tr><tr class="passedeven"><td><a href="#m5">test001_fillNewContactsForm</a></td></tr><tr class="passedeven"><td><a href="#m6">test001_fillNewContactsForm</a></td></tr></tbody>
</table>
<h2>Free CRM Test</h2><h3 id="m0">com.freecrm.framework.testcases.ContactsTest#test001_fillNewContactsForm</h3><table class="result"><tr class="param"><th>Parameter #1</th><th>Parameter #2</th><th>Parameter #3</th><th>Parameter #4</th></tr><tr class="param stripe"><td>test</td><td>Manpreet</td><td>Singh</td><td>Infosys Pvt. Ltd.</td></tr><tr><th colspan="4">Exception</th></tr><tr><td colspan="4"><div class="stacktrace">org.openqa.selenium.NoSuchElementException: Cannot locate element with text: test
For documentation on this error, please visit: https://www.seleniumhq.org/exceptions/no_such_element.html
Build info: version: &apos;unknown&apos;, revision: &apos;unknown&apos;, time: &apos;unknown&apos;
System info: host: &apos;MANPREET&apos;, ip: &apos;172.20.10.4&apos;, os.name: &apos;Windows 10&apos;, os.arch: &apos;amd64&apos;, os.version: &apos;10.0&apos;, java.version: &apos;1.8.0_65&apos;
Driver info: driver.version: unknown
	at org.openqa.selenium.support.ui.Select.selectByVisibleText(Select.java:147)
	at com.freecrm.framework.pageobjects.ContactsCreatePage.createNewContact(ContactsCreatePage.java:59)
	at com.freecrm.framework.testcases.ContactsTest.test001_fillNewContactsForm(ContactsTest.java:96)
... Removed 25 stack frames</div></td></tr></table><p class="totop"><a href="#summary">back to summary</a></p>
<h3 id="m1">com.freecrm.framework.testcases.ContactsTest#test001_fillNewContactsForm</h3><table class="result"><tr class="param"><th>Parameter #1</th><th>Parameter #2</th><th>Parameter #3</th><th>Parameter #4</th></tr><tr class="param stripe"><td>test</td><td>Manpreet</td><td>Singh</td><td>Infosys Pvt. Ltd.</td></tr><tr><th colspan="4">Exception</th></tr><tr><td colspan="4"><div class="stacktrace">org.openqa.selenium.NoSuchElementException: Cannot locate element with text: test
For documentation on this error, please visit: https://www.seleniumhq.org/exceptions/no_such_element.html
Build info: version: &apos;unknown&apos;, revision: &apos;unknown&apos;, time: &apos;unknown&apos;
System info: host: &apos;MANPREET&apos;, ip: &apos;172.20.10.4&apos;, os.name: &apos;Windows 10&apos;, os.arch: &apos;amd64&apos;, os.version: &apos;10.0&apos;, java.version: &apos;1.8.0_65&apos;
Driver info: driver.version: unknown
	at org.openqa.selenium.support.ui.Select.selectByVisibleText(Select.java:147)
	at com.freecrm.framework.pageobjects.ContactsCreatePage.createNewContact(ContactsCreatePage.java:59)
	at com.freecrm.framework.testcases.ContactsTest.test001_fillNewContactsForm(ContactsTest.java:96)
... Removed 25 stack frames</div></td></tr></table><p class="totop"><a href="#summary">back to summary</a></p>
<h3 id="m2">com.freecrm.framework.testcases.ContactsTest#test001_fillNewContactsForm</h3><table class="result"><tr class="param"><th>Parameter #1</th><th>Parameter #2</th><th>Parameter #3</th><th>Parameter #4</th></tr><tr class="param stripe"><td>test</td><td>Manpreet</td><td>Singh</td><td>Infosys Pvt. Ltd.</td></tr><tr><th colspan="4">Exception</th></tr><tr><td colspan="4"><div class="stacktrace">org.openqa.selenium.NoSuchElementException: Cannot locate element with text: test
For documentation on this error, please visit: https://www.seleniumhq.org/exceptions/no_such_element.html
Build info: version: &apos;unknown&apos;, revision: &apos;unknown&apos;, time: &apos;unknown&apos;
System info: host: &apos;MANPREET&apos;, ip: &apos;172.20.10.4&apos;, os.name: &apos;Windows 10&apos;, os.arch: &apos;amd64&apos;, os.version: &apos;10.0&apos;, java.version: &apos;1.8.0_65&apos;
Driver info: driver.version: unknown
	at org.openqa.selenium.support.ui.Select.selectByVisibleText(Select.java:147)
	at com.freecrm.framework.pageobjects.ContactsCreatePage.createNewContact(ContactsCreatePage.java:59)
	at com.freecrm.framework.testcases.ContactsTest.test001_fillNewContactsForm(ContactsTest.java:96)
... Removed 25 stack frames</div></td></tr></table><p class="totop"><a href="#summary">back to summary</a></p>
<h3 id="m3">com.freecrm.framework.testcases.ContactsTest#test001_fillNewContactsForm</h3><table class="result"><tr class="param"><th>Parameter #1</th><th>Parameter #2</th><th>Parameter #3</th><th>Parameter #4</th></tr><tr class="param stripe"><td>test</td><td>Manpreet</td><td>Singh</td><td>Infosys Pvt. Ltd.</td></tr><tr><th colspan="4">Exception</th></tr><tr><td colspan="4"><div class="stacktrace">org.openqa.selenium.NoSuchElementException: Cannot locate element with text: test
For documentation on this error, please visit: https://www.seleniumhq.org/exceptions/no_such_element.html
Build info: version: &apos;unknown&apos;, revision: &apos;unknown&apos;, time: &apos;unknown&apos;
System info: host: &apos;MANPREET&apos;, ip: &apos;172.20.10.4&apos;, os.name: &apos;Windows 10&apos;, os.arch: &apos;amd64&apos;, os.version: &apos;10.0&apos;, java.version: &apos;1.8.0_65&apos;
Driver info: driver.version: unknown
	at org.openqa.selenium.support.ui.Select.selectByVisibleText(Select.java:147)
	at com.freecrm.framework.pageobjects.ContactsCreatePage.createNewContact(ContactsCreatePage.java:59)
	at com.freecrm.framework.testcases.ContactsTest.test001_fillNewContactsForm(ContactsTest.java:96)
... Removed 25 stack frames</div></td></tr></table><p class="totop"><a href="#summary">back to summary</a></p>
<h3 id="m4">com.freecrm.framework.testcases.ContactsTest#test001_fillNewContactsForm</h3><table class="result"><tr class="param"><th>Parameter #1</th><th>Parameter #2</th><th>Parameter #3</th><th>Parameter #4</th></tr><tr class="param stripe"><td>Dr.</td><td>Rahul</td><td>Varma</td><td>Limestone Pvt. Ltd.</td></tr></table><p class="totop"><a href="#summary">back to summary</a></p>
<h3 id="m5">com.freecrm.framework.testcases.ContactsTest#test001_fillNewContactsForm</h3><table class="result"><tr class="param"><th>Parameter #1</th><th>Parameter #2</th><th>Parameter #3</th><th>Parameter #4</th></tr><tr class="param stripe"><td>Dr.</td><td>Gunit</td><td>Thapar</td><td>Mediaocean Asia Pvt. Ltd.</td></tr></table><p class="totop"><a href="#summary">back to summary</a></p>
<h3 id="m6">com.freecrm.framework.testcases.ContactsTest#test001_fillNewContactsForm</h3><table class="result"><tr class="param"><th>Parameter #1</th><th>Parameter #2</th><th>Parameter #3</th><th>Parameter #4</th></tr><tr class="param stripe"><td>Mr.</td><td>Asheen</td><td>Antony</td><td>Cognizant Technology Solutions Pvt. Ltd.</td></tr></table><p class="totop"><a href="#summary">back to summary</a></p>
</body>
</html>
