<?xml version="1.0" encoding="UTF-8"?>
<testng-results skipped="3" failed="1" ignored="0" total="7" passed="3">
  <reporter-output>
  </reporter-output>
  <suite name="FreeCRM Test Suite" duration-ms="313288" started-at="2019-03-05T03:21:59Z" finished-at="2019-03-05T03:27:12Z">
    <groups>
    </groups>
    <test name="Free CRM Test" duration-ms="313288" started-at="2019-03-05T03:21:59Z" finished-at="2019-03-05T03:27:12Z">
      <class name="com.freecrm.framework.testcases.ContactsTest">
        <test-method status="PASS" signature="setExtentReport()[pri:0, instance:com.freecrm.framework.testcases.ContactsTest@42d8062c]" name="setExtentReport" is-config="true" duration-ms="259" started-at="2019-03-05T03:21:59Z" finished-at="2019-03-05T03:21:59Z">
          <reporter-output>
          </reporter-output>
        </test-method> <!-- setExtentReport -->
        <test-method status="PASS" signature="setUp()[pri:0, instance:com.freecrm.framework.testcases.ContactsTest@42d8062c]" name="setUp" is-config="true" duration-ms="14686" started-at="2019-03-05T03:22:00Z" finished-at="2019-03-05T03:22:14Z">
          <reporter-output>
          </reporter-output>
        </test-method> <!-- setUp -->
        <test-method status="PASS" signature="test001_fillNewContactsForm(java.lang.String, java.lang.String, java.lang.String, java.lang.String)[pri:0, instance:com.freecrm.framework.testcases.ContactsTest@42d8062c]" name="test001_fillNewContactsForm" duration-ms="28411" started-at="2019-03-05T03:22:14Z" data-provider="getCompanyData" finished-at="2019-03-05T03:22:43Z">
          <params>
            <param index="0">
              <value>
                <![CDATA[Dr.]]>
              </value>
            </param>
            <param index="1">
              <value>
                <![CDATA[Gunit]]>
              </value>
            </param>
            <param index="2">
              <value>
                <![CDATA[Thapar]]>
              </value>
            </param>
            <param index="3">
              <value>
                <![CDATA[Mediaocean Asia Pvt. Ltd.]]>
              </value>
            </param>
          </params>
          <reporter-output>
          </reporter-output>
        </test-method> <!-- test001_fillNewContactsForm -->
        <test-method status="PASS" signature="tearDown(org.testng.ITestResult)[pri:0, instance:com.freecrm.framework.testcases.ContactsTest@42d8062c]" name="tearDown" is-config="true" duration-ms="819" started-at="2019-03-05T03:22:43Z" finished-at="2019-03-05T03:22:44Z">
          <params>
            <param index="0">
              <value>
                <![CDATA[[TestResult name=test001_fillNewContactsForm status=SUCCESS method=ContactsTest.test001_fillNewContactsForm(java.lang.String, java.lang.String, java.lang.String, java.lang.String)[pri:0, instance:com.freecrm.framework.testcases.ContactsTest@42d8062c] output={null}]]]>
              </value>
            </param>
          </params>
          <reporter-output>
          </reporter-output>
        </test-method> <!-- tearDown -->
        <test-method status="PASS" signature="setUp()[pri:0, instance:com.freecrm.framework.testcases.ContactsTest@42d8062c]" name="setUp" is-config="true" duration-ms="12293" started-at="2019-03-05T03:22:44Z" finished-at="2019-03-05T03:22:56Z">
          <reporter-output>
          </reporter-output>
        </test-method> <!-- setUp -->
        <test-method status="PASS" signature="test001_fillNewContactsForm(java.lang.String, java.lang.String, java.lang.String, java.lang.String)[pri:0, instance:com.freecrm.framework.testcases.ContactsTest@42d8062c]" name="test001_fillNewContactsForm" duration-ms="25987" started-at="2019-03-05T03:22:56Z" data-provider="getCompanyData" finished-at="2019-03-05T03:23:22Z">
          <params>
            <param index="0">
              <value>
                <![CDATA[Mr.]]>
              </value>
            </param>
            <param index="1">
              <value>
                <![CDATA[Asheen]]>
              </value>
            </param>
            <param index="2">
              <value>
                <![CDATA[Antony]]>
              </value>
            </param>
            <param index="3">
              <value>
                <![CDATA[Cognizant Technology Solutions Pvt. Ltd.]]>
              </value>
            </param>
          </params>
          <reporter-output>
          </reporter-output>
        </test-method> <!-- test001_fillNewContactsForm -->
        <test-method status="PASS" signature="tearDown(org.testng.ITestResult)[pri:0, instance:com.freecrm.framework.testcases.ContactsTest@42d8062c]" name="tearDown" is-config="true" duration-ms="689" started-at="2019-03-05T03:23:22Z" finished-at="2019-03-05T03:23:23Z">
          <params>
            <param index="0">
              <value>
                <![CDATA[[TestResult name=test001_fillNewContactsForm status=SUCCESS method=ContactsTest.test001_fillNewContactsForm(java.lang.String, java.lang.String, java.lang.String, java.lang.String)[pri:0, instance:com.freecrm.framework.testcases.ContactsTest@42d8062c] output={null}]]]>
              </value>
            </param>
          </params>
          <reporter-output>
          </reporter-output>
        </test-method> <!-- tearDown -->
        <test-method status="PASS" signature="setUp()[pri:0, instance:com.freecrm.framework.testcases.ContactsTest@42d8062c]" name="setUp" is-config="true" duration-ms="10852" started-at="2019-03-05T03:23:23Z" finished-at="2019-03-05T03:23:33Z">
          <reporter-output>
          </reporter-output>
        </test-method> <!-- setUp -->
        <test-method status="SKIP" signature="test001_fillNewContactsForm(java.lang.String, java.lang.String, java.lang.String, java.lang.String)[pri:0, instance:com.freecrm.framework.testcases.ContactsTest@42d8062c]" name="test001_fillNewContactsForm" duration-ms="31514" started-at="2019-03-05T03:23:33Z" data-provider="getCompanyData" finished-at="2019-03-05T03:24:05Z">
          <params>
            <param index="0">
              <value>
                <![CDATA[test]]>
              </value>
            </param>
            <param index="1">
              <value>
                <![CDATA[Manpreet]]>
              </value>
            </param>
            <param index="2">
              <value>
                <![CDATA[Singh]]>
              </value>
            </param>
            <param index="3">
              <value>
                <![CDATA[Infosys Pvt. Ltd.]]>
              </value>
            </param>
          </params>
          <exception class="org.openqa.selenium.NoSuchElementException">
            <message>
              <![CDATA[Cannot locate element with text: test
For documentation on this error, please visit: https://www.seleniumhq.org/exceptions/no_such_element.html
Build info: version: 'unknown', revision: 'unknown', time: 'unknown'
System info: host: 'MANPREET', ip: '172.20.10.4', os.name: 'Windows 10', os.arch: 'amd64', os.version: '10.0', java.version: '1.8.0_65'
Driver info: driver.version: unknown]]>
            </message>
            <full-stacktrace>
              <![CDATA[org.openqa.selenium.NoSuchElementException: Cannot locate element with text: test
For documentation on this error, please visit: https://www.seleniumhq.org/exceptions/no_such_element.html
Build info: version: 'unknown', revision: 'unknown', time: 'unknown'
System info: host: 'MANPREET', ip: '172.20.10.4', os.name: 'Windows 10', os.arch: 'amd64', os.version: '10.0', java.version: '1.8.0_65'
Driver info: driver.version: unknown
at org.openqa.selenium.support.ui.Select.selectByVisibleText(Select.java:147)
at com.freecrm.framework.pageobjects.ContactsCreatePage.createNewContact(ContactsCreatePage.java:59)
at com.freecrm.framework.testcases.ContactsTest.test001_fillNewContactsForm(ContactsTest.java:96)
at sun.reflect.NativeMethodAccessorImpl.invoke0(Native Method)
at sun.reflect.NativeMethodAccessorImpl.invoke(NativeMethodAccessorImpl.java:62)
at sun.reflect.DelegatingMethodAccessorImpl.invoke(DelegatingMethodAccessorImpl.java:43)
at java.lang.reflect.Method.invoke(Method.java:497)
at org.testng.internal.MethodInvocationHelper.invokeMethod(MethodInvocationHelper.java:124)
at org.testng.internal.Invoker.invokeMethod(Invoker.java:580)
at org.testng.internal.Invoker.invokeTestMethod(Invoker.java:716)
at org.testng.internal.Invoker.invokeTestMethods(Invoker.java:988)
at org.testng.internal.TestMethodWorker.invokeTestMethods(TestMethodWorker.java:125)
at org.testng.internal.TestMethodWorker.run(TestMethodWorker.java:109)
at org.testng.TestRunner.privateRun(TestRunner.java:648)
at org.testng.TestRunner.run(TestRunner.java:505)
at org.testng.SuiteRunner.runTest(SuiteRunner.java:455)
at org.testng.SuiteRunner.runSequentially(SuiteRunner.java:450)
at org.testng.SuiteRunner.privateRun(SuiteRunner.java:415)
at org.testng.SuiteRunner.run(SuiteRunner.java:364)
at org.testng.SuiteRunnerWorker.runSuite(SuiteRunnerWorker.java:52)
at org.testng.SuiteRunnerWorker.run(SuiteRunnerWorker.java:84)
at org.testng.TestNG.runSuitesSequentially(TestNG.java:1208)
at org.testng.TestNG.runSuitesLocally(TestNG.java:1137)
at org.testng.TestNG.runSuites(TestNG.java:1049)
at org.testng.TestNG.run(TestNG.java:1017)
at org.testng.remote.AbstractRemoteTestNG.run(AbstractRemoteTestNG.java:114)
at org.testng.remote.RemoteTestNG.initAndRun(RemoteTestNG.java:251)
at org.testng.remote.RemoteTestNG.main(RemoteTestNG.java:77)
]]>
            </full-stacktrace>
          </exception> <!-- org.openqa.selenium.NoSuchElementException -->
          <reporter-output>
          </reporter-output>
        </test-method> <!-- test001_fillNewContactsForm -->
        <test-method status="PASS" signature="tearDown(org.testng.ITestResult)[pri:0, instance:com.freecrm.framework.testcases.ContactsTest@42d8062c]" name="tearDown" is-config="true" duration-ms="794" started-at="2019-03-05T03:24:05Z" finished-at="2019-03-05T03:24:06Z">
          <params>
            <param index="0">
              <value>
                <![CDATA[[TestResult name=test001_fillNewContactsForm status=SKIP method=ContactsTest.test001_fillNewContactsForm(java.lang.String, java.lang.String, java.lang.String, java.lang.String)[pri:0, instance:com.freecrm.framework.testcases.ContactsTest@42d8062c] output={null}]]]>
              </value>
            </param>
          </params>
          <reporter-output>
          </reporter-output>
        </test-method> <!-- tearDown -->
        <test-method status="PASS" signature="setUp()[pri:0, instance:com.freecrm.framework.testcases.ContactsTest@42d8062c]" name="setUp" is-config="true" duration-ms="11296" started-at="2019-03-05T03:24:06Z" finished-at="2019-03-05T03:24:17Z">
          <reporter-output>
          </reporter-output>
        </test-method> <!-- setUp -->
        <test-method status="SKIP" signature="test001_fillNewContactsForm(java.lang.String, java.lang.String, java.lang.String, java.lang.String)[pri:0, instance:com.freecrm.framework.testcases.ContactsTest@42d8062c]" name="test001_fillNewContactsForm" duration-ms="34234" started-at="2019-03-05T03:24:17Z" data-provider="getCompanyData" finished-at="2019-03-05T03:24:51Z">
          <params>
            <param index="0">
              <value>
                <![CDATA[test]]>
              </value>
            </param>
            <param index="1">
              <value>
                <![CDATA[Manpreet]]>
              </value>
            </param>
            <param index="2">
              <value>
                <![CDATA[Singh]]>
              </value>
            </param>
            <param index="3">
              <value>
                <![CDATA[Infosys Pvt. Ltd.]]>
              </value>
            </param>
          </params>
          <exception class="org.openqa.selenium.NoSuchElementException">
            <message>
              <![CDATA[Cannot locate element with text: test
For documentation on this error, please visit: https://www.seleniumhq.org/exceptions/no_such_element.html
Build info: version: 'unknown', revision: 'unknown', time: 'unknown'
System info: host: 'MANPREET', ip: '172.20.10.4', os.name: 'Windows 10', os.arch: 'amd64', os.version: '10.0', java.version: '1.8.0_65'
Driver info: driver.version: unknown]]>
            </message>
            <full-stacktrace>
              <![CDATA[org.openqa.selenium.NoSuchElementException: Cannot locate element with text: test
For documentation on this error, please visit: https://www.seleniumhq.org/exceptions/no_such_element.html
Build info: version: 'unknown', revision: 'unknown', time: 'unknown'
System info: host: 'MANPREET', ip: '172.20.10.4', os.name: 'Windows 10', os.arch: 'amd64', os.version: '10.0', java.version: '1.8.0_65'
Driver info: driver.version: unknown
at org.openqa.selenium.support.ui.Select.selectByVisibleText(Select.java:147)
at com.freecrm.framework.pageobjects.ContactsCreatePage.createNewContact(ContactsCreatePage.java:59)
at com.freecrm.framework.testcases.ContactsTest.test001_fillNewContactsForm(ContactsTest.java:96)
at sun.reflect.NativeMethodAccessorImpl.invoke0(Native Method)
at sun.reflect.NativeMethodAccessorImpl.invoke(NativeMethodAccessorImpl.java:62)
at sun.reflect.DelegatingMethodAccessorImpl.invoke(DelegatingMethodAccessorImpl.java:43)
at java.lang.reflect.Method.invoke(Method.java:497)
at org.testng.internal.MethodInvocationHelper.invokeMethod(MethodInvocationHelper.java:124)
at org.testng.internal.Invoker.invokeMethod(Invoker.java:580)
at org.testng.internal.Invoker.retryFailed(Invoker.java:838)
at org.testng.internal.Invoker.invokeTestMethods(Invoker.java:1009)
at org.testng.internal.TestMethodWorker.invokeTestMethods(TestMethodWorker.java:125)
at org.testng.internal.TestMethodWorker.run(TestMethodWorker.java:109)
at org.testng.TestRunner.privateRun(TestRunner.java:648)
at org.testng.TestRunner.run(TestRunner.java:505)
at org.testng.SuiteRunner.runTest(SuiteRunner.java:455)
at org.testng.SuiteRunner.runSequentially(SuiteRunner.java:450)
at org.testng.SuiteRunner.privateRun(SuiteRunner.java:415)
at org.testng.SuiteRunner.run(SuiteRunner.java:364)
at org.testng.SuiteRunnerWorker.runSuite(SuiteRunnerWorker.java:52)
at org.testng.SuiteRunnerWorker.run(SuiteRunnerWorker.java:84)
at org.testng.TestNG.runSuitesSequentially(TestNG.java:1208)
at org.testng.TestNG.runSuitesLocally(TestNG.java:1137)
at org.testng.TestNG.runSuites(TestNG.java:1049)
at org.testng.TestNG.run(TestNG.java:1017)
at org.testng.remote.AbstractRemoteTestNG.run(AbstractRemoteTestNG.java:114)
at org.testng.remote.RemoteTestNG.initAndRun(RemoteTestNG.java:251)
at org.testng.remote.RemoteTestNG.main(RemoteTestNG.java:77)
]]>
            </full-stacktrace>
          </exception> <!-- org.openqa.selenium.NoSuchElementException -->
          <reporter-output>
          </reporter-output>
        </test-method> <!-- test001_fillNewContactsForm -->
        <test-method status="PASS" signature="tearDown(org.testng.ITestResult)[pri:0, instance:com.freecrm.framework.testcases.ContactsTest@42d8062c]" name="tearDown" is-config="true" duration-ms="739" started-at="2019-03-05T03:24:51Z" finished-at="2019-03-05T03:24:52Z">
          <params>
            <param index="0">
              <value>
                <![CDATA[[TestResult name=test001_fillNewContactsForm status=SKIP method=ContactsTest.test001_fillNewContactsForm(java.lang.String, java.lang.String, java.lang.String, java.lang.String)[pri:0, instance:com.freecrm.framework.testcases.ContactsTest@42d8062c] output={null}]]]>
              </value>
            </param>
          </params>
          <reporter-output>
          </reporter-output>
        </test-method> <!-- tearDown -->
        <test-method status="PASS" signature="setUp()[pri:0, instance:com.freecrm.framework.testcases.ContactsTest@42d8062c]" name="setUp" is-config="true" duration-ms="11952" started-at="2019-03-05T03:24:52Z" finished-at="2019-03-05T03:25:04Z">
          <reporter-output>
          </reporter-output>
        </test-method> <!-- setUp -->
        <test-method status="SKIP" signature="test001_fillNewContactsForm(java.lang.String, java.lang.String, java.lang.String, java.lang.String)[pri:0, instance:com.freecrm.framework.testcases.ContactsTest@42d8062c]" name="test001_fillNewContactsForm" duration-ms="35974" started-at="2019-03-05T03:25:04Z" data-provider="getCompanyData" finished-at="2019-03-05T03:25:40Z">
          <params>
            <param index="0">
              <value>
                <![CDATA[test]]>
              </value>
            </param>
            <param index="1">
              <value>
                <![CDATA[Manpreet]]>
              </value>
            </param>
            <param index="2">
              <value>
                <![CDATA[Singh]]>
              </value>
            </param>
            <param index="3">
              <value>
                <![CDATA[Infosys Pvt. Ltd.]]>
              </value>
            </param>
          </params>
          <exception class="org.openqa.selenium.NoSuchElementException">
            <message>
              <![CDATA[Cannot locate element with text: test
For documentation on this error, please visit: https://www.seleniumhq.org/exceptions/no_such_element.html
Build info: version: 'unknown', revision: 'unknown', time: 'unknown'
System info: host: 'MANPREET', ip: '172.20.10.4', os.name: 'Windows 10', os.arch: 'amd64', os.version: '10.0', java.version: '1.8.0_65'
Driver info: driver.version: unknown]]>
            </message>
            <full-stacktrace>
              <![CDATA[org.openqa.selenium.NoSuchElementException: Cannot locate element with text: test
For documentation on this error, please visit: https://www.seleniumhq.org/exceptions/no_such_element.html
Build info: version: 'unknown', revision: 'unknown', time: 'unknown'
System info: host: 'MANPREET', ip: '172.20.10.4', os.name: 'Windows 10', os.arch: 'amd64', os.version: '10.0', java.version: '1.8.0_65'
Driver info: driver.version: unknown
at org.openqa.selenium.support.ui.Select.selectByVisibleText(Select.java:147)
at com.freecrm.framework.pageobjects.ContactsCreatePage.createNewContact(ContactsCreatePage.java:59)
at com.freecrm.framework.testcases.ContactsTest.test001_fillNewContactsForm(ContactsTest.java:96)
at sun.reflect.NativeMethodAccessorImpl.invoke0(Native Method)
at sun.reflect.NativeMethodAccessorImpl.invoke(NativeMethodAccessorImpl.java:62)
at sun.reflect.DelegatingMethodAccessorImpl.invoke(DelegatingMethodAccessorImpl.java:43)
at java.lang.reflect.Method.invoke(Method.java:497)
at org.testng.internal.MethodInvocationHelper.invokeMethod(MethodInvocationHelper.java:124)
at org.testng.internal.Invoker.invokeMethod(Invoker.java:580)
at org.testng.internal.Invoker.retryFailed(Invoker.java:838)
at org.testng.internal.Invoker.invokeTestMethods(Invoker.java:1009)
at org.testng.internal.TestMethodWorker.invokeTestMethods(TestMethodWorker.java:125)
at org.testng.internal.TestMethodWorker.run(TestMethodWorker.java:109)
at org.testng.TestRunner.privateRun(TestRunner.java:648)
at org.testng.TestRunner.run(TestRunner.java:505)
at org.testng.SuiteRunner.runTest(SuiteRunner.java:455)
at org.testng.SuiteRunner.runSequentially(SuiteRunner.java:450)
at org.testng.SuiteRunner.privateRun(SuiteRunner.java:415)
at org.testng.SuiteRunner.run(SuiteRunner.java:364)
at org.testng.SuiteRunnerWorker.runSuite(SuiteRunnerWorker.java:52)
at org.testng.SuiteRunnerWorker.run(SuiteRunnerWorker.java:84)
at org.testng.TestNG.runSuitesSequentially(TestNG.java:1208)
at org.testng.TestNG.runSuitesLocally(TestNG.java:1137)
at org.testng.TestNG.runSuites(TestNG.java:1049)
at org.testng.TestNG.run(TestNG.java:1017)
at org.testng.remote.AbstractRemoteTestNG.run(AbstractRemoteTestNG.java:114)
at org.testng.remote.RemoteTestNG.initAndRun(RemoteTestNG.java:251)
at org.testng.remote.RemoteTestNG.main(RemoteTestNG.java:77)
]]>
            </full-stacktrace>
          </exception> <!-- org.openqa.selenium.NoSuchElementException -->
          <reporter-output>
          </reporter-output>
        </test-method> <!-- test001_fillNewContactsForm -->
        <test-method status="PASS" signature="tearDown(org.testng.ITestResult)[pri:0, instance:com.freecrm.framework.testcases.ContactsTest@42d8062c]" name="tearDown" is-config="true" duration-ms="746" started-at="2019-03-05T03:25:40Z" finished-at="2019-03-05T03:25:41Z">
          <params>
            <param index="0">
              <value>
                <![CDATA[[TestResult name=test001_fillNewContactsForm status=SKIP method=ContactsTest.test001_fillNewContactsForm(java.lang.String, java.lang.String, java.lang.String, java.lang.String)[pri:0, instance:com.freecrm.framework.testcases.ContactsTest@42d8062c] output={null}]]]>
              </value>
            </param>
          </params>
          <reporter-output>
          </reporter-output>
        </test-method> <!-- tearDown -->
        <test-method status="PASS" signature="setUp()[pri:0, instance:com.freecrm.framework.testcases.ContactsTest@42d8062c]" name="setUp" is-config="true" duration-ms="12014" started-at="2019-03-05T03:25:41Z" finished-at="2019-03-05T03:25:53Z">
          <reporter-output>
          </reporter-output>
        </test-method> <!-- setUp -->
        <test-method status="FAIL" signature="test001_fillNewContactsForm(java.lang.String, java.lang.String, java.lang.String, java.lang.String)[pri:0, instance:com.freecrm.framework.testcases.ContactsTest@42d8062c]" name="test001_fillNewContactsForm" duration-ms="31468" started-at="2019-03-05T03:25:53Z" data-provider="getCompanyData" finished-at="2019-03-05T03:26:24Z">
          <params>
            <param index="0">
              <value>
                <![CDATA[test]]>
              </value>
            </param>
            <param index="1">
              <value>
                <![CDATA[Manpreet]]>
              </value>
            </param>
            <param index="2">
              <value>
                <![CDATA[Singh]]>
              </value>
            </param>
            <param index="3">
              <value>
                <![CDATA[Infosys Pvt. Ltd.]]>
              </value>
            </param>
          </params>
          <exception class="org.openqa.selenium.NoSuchElementException">
            <message>
              <![CDATA[Cannot locate element with text: test
For documentation on this error, please visit: https://www.seleniumhq.org/exceptions/no_such_element.html
Build info: version: 'unknown', revision: 'unknown', time: 'unknown'
System info: host: 'MANPREET', ip: '172.20.10.4', os.name: 'Windows 10', os.arch: 'amd64', os.version: '10.0', java.version: '1.8.0_65'
Driver info: driver.version: unknown]]>
            </message>
            <full-stacktrace>
              <![CDATA[org.openqa.selenium.NoSuchElementException: Cannot locate element with text: test
For documentation on this error, please visit: https://www.seleniumhq.org/exceptions/no_such_element.html
Build info: version: 'unknown', revision: 'unknown', time: 'unknown'
System info: host: 'MANPREET', ip: '172.20.10.4', os.name: 'Windows 10', os.arch: 'amd64', os.version: '10.0', java.version: '1.8.0_65'
Driver info: driver.version: unknown
at org.openqa.selenium.support.ui.Select.selectByVisibleText(Select.java:147)
at com.freecrm.framework.pageobjects.ContactsCreatePage.createNewContact(ContactsCreatePage.java:59)
at com.freecrm.framework.testcases.ContactsTest.test001_fillNewContactsForm(ContactsTest.java:96)
at sun.reflect.NativeMethodAccessorImpl.invoke0(Native Method)
at sun.reflect.NativeMethodAccessorImpl.invoke(NativeMethodAccessorImpl.java:62)
at sun.reflect.DelegatingMethodAccessorImpl.invoke(DelegatingMethodAccessorImpl.java:43)
at java.lang.reflect.Method.invoke(Method.java:497)
at org.testng.internal.MethodInvocationHelper.invokeMethod(MethodInvocationHelper.java:124)
at org.testng.internal.Invoker.invokeMethod(Invoker.java:580)
at org.testng.internal.Invoker.retryFailed(Invoker.java:838)
at org.testng.internal.Invoker.invokeTestMethods(Invoker.java:1009)
at org.testng.internal.TestMethodWorker.invokeTestMethods(TestMethodWorker.java:125)
at org.testng.internal.TestMethodWorker.run(TestMethodWorker.java:109)
at org.testng.TestRunner.privateRun(TestRunner.java:648)
at org.testng.TestRunner.run(TestRunner.java:505)
at org.testng.SuiteRunner.runTest(SuiteRunner.java:455)
at org.testng.SuiteRunner.runSequentially(SuiteRunner.java:450)
at org.testng.SuiteRunner.privateRun(SuiteRunner.java:415)
at org.testng.SuiteRunner.run(SuiteRunner.java:364)
at org.testng.SuiteRunnerWorker.runSuite(SuiteRunnerWorker.java:52)
at org.testng.SuiteRunnerWorker.run(SuiteRunnerWorker.java:84)
at org.testng.TestNG.runSuitesSequentially(TestNG.java:1208)
at org.testng.TestNG.runSuitesLocally(TestNG.java:1137)
at org.testng.TestNG.runSuites(TestNG.java:1049)
at org.testng.TestNG.run(TestNG.java:1017)
at org.testng.remote.AbstractRemoteTestNG.run(AbstractRemoteTestNG.java:114)
at org.testng.remote.RemoteTestNG.initAndRun(RemoteTestNG.java:251)
at org.testng.remote.RemoteTestNG.main(RemoteTestNG.java:77)
]]>
            </full-stacktrace>
          </exception> <!-- org.openqa.selenium.NoSuchElementException -->
          <reporter-output>
          </reporter-output>
        </test-method> <!-- test001_fillNewContactsForm -->
        <test-method status="PASS" signature="tearDown(org.testng.ITestResult)[pri:0, instance:com.freecrm.framework.testcases.ContactsTest@42d8062c]" name="tearDown" is-config="true" duration-ms="1198" started-at="2019-03-05T03:26:24Z" finished-at="2019-03-05T03:26:25Z">
          <params>
            <param index="0">
              <value>
                <![CDATA[[TestResult name=test001_fillNewContactsForm status=FAILURE method=ContactsTest.test001_fillNewContactsForm(java.lang.String, java.lang.String, java.lang.String, java.lang.String)[pri:0, instance:com.freecrm.framework.testcases.ContactsTest@42d8062c] output={null}]]]>
              </value>
            </param>
          </params>
          <reporter-output>
          </reporter-output>
        </test-method> <!-- tearDown -->
        <test-method status="PASS" signature="setUp()[pri:0, instance:com.freecrm.framework.testcases.ContactsTest@42d8062c]" name="setUp" is-config="true" duration-ms="12366" started-at="2019-03-05T03:26:25Z" finished-at="2019-03-05T03:26:38Z">
          <reporter-output>
          </reporter-output>
        </test-method> <!-- setUp -->
        <test-method status="PASS" signature="test001_fillNewContactsForm(java.lang.String, java.lang.String, java.lang.String, java.lang.String)[pri:0, instance:com.freecrm.framework.testcases.ContactsTest@42d8062c]" name="test001_fillNewContactsForm" duration-ms="32981" started-at="2019-03-05T03:26:38Z" data-provider="getCompanyData" finished-at="2019-03-05T03:27:11Z">
          <params>
            <param index="0">
              <value>
                <![CDATA[Dr.]]>
              </value>
            </param>
            <param index="1">
              <value>
                <![CDATA[Rahul]]>
              </value>
            </param>
            <param index="2">
              <value>
                <![CDATA[Varma]]>
              </value>
            </param>
            <param index="3">
              <value>
                <![CDATA[Limestone Pvt. Ltd.]]>
              </value>
            </param>
          </params>
          <reporter-output>
          </reporter-output>
        </test-method> <!-- test001_fillNewContactsForm -->
        <test-method status="PASS" signature="tearDown(org.testng.ITestResult)[pri:0, instance:com.freecrm.framework.testcases.ContactsTest@42d8062c]" name="tearDown" is-config="true" duration-ms="735" started-at="2019-03-05T03:27:11Z" finished-at="2019-03-05T03:27:12Z">
          <params>
            <param index="0">
              <value>
                <![CDATA[[TestResult name=test001_fillNewContactsForm status=SUCCESS method=ContactsTest.test001_fillNewContactsForm(java.lang.String, java.lang.String, java.lang.String, java.lang.String)[pri:0, instance:com.freecrm.framework.testcases.ContactsTest@42d8062c] output={null}]]]>
              </value>
            </param>
          </params>
          <reporter-output>
          </reporter-output>
        </test-method> <!-- tearDown -->
        <test-method status="PASS" signature="endExtentReport()[pri:0, instance:com.freecrm.framework.testcases.ContactsTest@42d8062c]" name="endExtentReport" is-config="true" duration-ms="357" started-at="2019-03-05T03:27:12Z" finished-at="2019-03-05T03:27:12Z">
          <reporter-output>
          </reporter-output>
        </test-method> <!-- endExtentReport -->
      </class> <!-- com.freecrm.framework.testcases.ContactsTest -->
    </test> <!-- Free CRM Test -->
  </suite> <!-- FreeCRM Test Suite -->
</testng-results>
