<?xml version="1.0" encoding="UTF-8"?>
<!-- Generated by org.testng.reporters.JUnitXMLReporter -->
<testsuite hostname="Manpreet" ignored="0" name="Free CRM Test" tests="7" failures="1" timestamp="05 Mar 2019 03:27:12 GMT" time="313.288" errors="0">
  <testcase name="test001_fillNewContactsForm" time="28.411" classname="com.freecrm.framework.testcases.ContactsTest"/>
  <testcase name="test001_fillNewContactsForm" time="25.987" classname="com.freecrm.framework.testcases.ContactsTest"/>
  <testcase name="test001_fillNewContactsForm" time="31.514" classname="com.freecrm.framework.testcases.ContactsTest">
    <skipped/>
  </testcase> <!-- test001_fillNewContactsForm -->
  <testcase name="test001_fillNewContactsForm" time="34.234" classname="com.freecrm.framework.testcases.ContactsTest">
    <skipped/>
  </testcase> <!-- test001_fillNewContactsForm -->
  <testcase name="test001_fillNewContactsForm" time="35.974" classname="com.freecrm.framework.testcases.ContactsTest">
    <skipped/>
  </testcase> <!-- test001_fillNewContactsForm -->
  <testcase name="test001_fillNewContactsForm" time="31.468" classname="com.freecrm.framework.testcases.ContactsTest">
    <failure type="org.openqa.selenium.NoSuchElementException" message="Cannot locate element with text: test
For documentation on this error, please visit: https://www.seleniumhq.org/exceptions/no_such_element.html
Build info: version: &amp;apos;unknown&amp;apos;, revision: &amp;apos;unknown&amp;apos;, time: &amp;apos;unknown&amp;apos;
System info: host: &amp;apos;MANPREET&amp;apos;, ip: &amp;apos;172.20.10.4&amp;apos;, os.name: &amp;apos;Windows 10&amp;apos;, os.arch: &amp;apos;amd64&amp;apos;, os.version: &amp;apos;10.0&amp;apos;, java.version: &amp;apos;1.8.0_65&amp;apos;
Driver info: driver.version: unknown">
      <![CDATA[org.openqa.selenium.NoSuchElementException: Cannot locate element with text: test
For documentation on this error, please visit: https://www.seleniumhq.org/exceptions/no_such_element.html
Build info: version: 'unknown', revision: 'unknown', time: 'unknown'
System info: host: 'MANPREET', ip: '172.20.10.4', os.name: 'Windows 10', os.arch: 'amd64', os.version: '10.0', java.version: '1.8.0_65'
Driver info: driver.version: unknown
at org.openqa.selenium.support.ui.Select.selectByVisibleText(Select.java:147)
at com.freecrm.framework.pageobjects.ContactsCreatePage.createNewContact(ContactsCreatePage.java:59)
at com.freecrm.framework.testcases.ContactsTest.test001_fillNewContactsForm(ContactsTest.java:96)
... Removed 25 stack frames]]>
    </failure>
  </testcase> <!-- test001_fillNewContactsForm -->
  <testcase name="test001_fillNewContactsForm" time="32.981" classname="com.freecrm.framework.testcases.ContactsTest"/>
</testsuite> <!-- Free CRM Test -->
